<?xml version="1.0" encoding="UTF-8"?>
<!-- Generated by org.testng.reporters.JUnitReportReporter -->
<testsuite hostname="Dell-SV" failures="0" tests="6" name="api.test.DataDrivenTests" time="7.057" errors="0" timestamp="2023-05-02T20:38:38 HST" skipped="0">
  <testcase classname="api.test.DataDrivenTests" name="testPostUser" time="1.079"/>
  <system-out/>
  <testcase classname="api.test.DataDrivenTests" name="testPostUser" time="1.088"/>
  <system-out/>
  <testcase classname="api.test.DataDrivenTests" name="testPostUser" time="2.848"/>
  <system-out/>
  <testcase classname="api.test.DataDrivenTests" name="testDeleteUserByName" time="0.672"/>
  <system-out/>
  <testcase classname="api.test.DataDrivenTests" name="testDeleteUserByName" time="0.708"/>
  <system-out/>
  <testcase classname="api.test.DataDrivenTests" name="testDeleteUserByName" time="0.662"/>
  <system-out/>
</testsuite> <!-- api.test.DataDrivenTests -->
