<?xml version="1.0" encoding="UTF-8"?>
<!-- Generated by org.testng.reporters.JUnitReportReporter -->
<testsuite hostname="Dell-SV" failures="0" tests="4" name="api.test.UserTests2" time="7.135" errors="0" timestamp="2023-05-02T23:46:32 HST" skipped="0">
  <testcase classname="api.test.UserTests2" name="testPostUser" time="4.055"/>
  <system-out/>
  <testcase classname="api.test.UserTests2" name="testGetUserByName" time="0.701"/>
  <system-out/>
  <testcase classname="api.test.UserTests2" name="testUpdateUserByName" time="1.739"/>
  <system-out/>
  <testcase classname="api.test.UserTests2" name="testDeleteUserByName" time="0.640"/>
  <system-out/>
</testsuite> <!-- api.test.UserTests2 -->
