<?xml version="1.0" encoding="UTF-8"?>
<!-- Generated by org.testng.reporters.JUnitReportReporter -->
<testsuite hostname="Dell-SV" failures="0" tests="4" name="api.test.UserTests" time="7.265" errors="0" timestamp="2023-05-02T23:13:38 HST" skipped="0">
  <testcase classname="api.test.UserTests" name="testPostUser" time="4.130"/>
  <system-out/>
  <testcase classname="api.test.UserTests" name="testGetUserByName" time="1.110"/>
  <system-out/>
  <testcase classname="api.test.UserTests" name="testUpdateUserByName" time="1.382"/>
  <system-out/>
  <testcase classname="api.test.UserTests" name="testDeleteUserByName" time="0.643"/>
  <system-out/>
</testsuite> <!-- api.test.UserTests -->
