<?xml version="1.0" encoding="UTF-8"?>
<!-- Generated by org.testng.reporters.JUnitReportReporter -->
<testsuite hostname="Dell-SV" failures="0" tests="4" name="api.test.UserTests2" time="8.777" errors="0" timestamp="2023-05-03T20:35:53 HST" skipped="0">
  <testcase classname="api.test.UserTests2" name="testPostUser" time="5.302"/>
  <system-out/>
  <testcase classname="api.test.UserTests2" name="testGetUserByName" time="1.189"/>
  <system-out/>
  <testcase classname="api.test.UserTests2" name="testUpdateUserByName" time="1.358"/>
  <system-out/>
  <testcase classname="api.test.UserTests2" name="testDeleteUserByName" time="0.928"/>
  <system-out/>
</testsuite> <!-- api.test.UserTests2 -->
